"../../../Engine/Content/EditorResources/S_Actor.uasset" 0
"../../../Engine/Content/EngineFonts/Roboto.uasset" 1
"../../../Engine/Content/Functions/Engine_MaterialFunctions01/Shading/PowerToRoughness.uasset" 2
"../../../Engine/Content/Functions/Engine_MaterialFunctions01/Shading/ConvertFromDiffSpec.uasset" 3
"../../../Engine/Content/EngineMaterials/DefaultDiffuse.uasset" 4
"../../../Engine/Content/EngineMaterials/DefaultDeferredDecalMaterial.uasset" 5
"../../../Engine/Content/EngineMaterials/DefaultLightFunctionMaterial.uasset" 6
"../../../Engine/Content/Functions/Engine_MaterialFunctions02/Utility/BreakOutFloat2Components.uasset" 7
"../../../Engine/Content/EngineMaterials/DefaultPostProcessMaterial.uasset" 8
"../../../Engine/Content/EngineResources/DefaultTexture.uasset" 9
"../../../Engine/Content/Functions/Engine_MaterialFunctions01/Texturing/ScaleUVsByCenter.uasset" 10
"../../../Engine/Content/Functions/Engine_MaterialFunctions02/ScreenResolution.uasset" 11
"../../../Engine/Content/Functions/Engine_MaterialFunctions02/Texturing/ScreenAlignedUVs.uasset" 12
"../../../Engine/Content/EngineResources/WhiteSquareTexture.uasset" 13
"../../../Engine/Content/EngineMaterials/Widget3DPassThrough.uasset" 14
"../../../Engine/Content/EngineMaterials/Widget3DPassThrough_Translucent.uasset" 15
"../../../Engine/Content/EngineMaterials/Widget3DPassThrough_Translucent_OneSided.uasset" 16
"../../../Engine/Content/EngineMaterials/Widget3DPassThrough_Opaque.uasset" 17
"../../../Engine/Content/EngineMaterials/Widget3DPassThrough_Opaque_OneSided.uasset" 18
"../../../Engine/Content/EngineMaterials/Widget3DPassThrough_Masked.uasset" 19
"../../../Engine/Content/EngineMaterials/Widget3DPassThrough_Masked_OneSided.uasset" 20
"../../../Engine/Content/EngineResources/AICON-Red.uasset" 21
"../../../Engine/Content/EngineResources/AICON-Green.uasset" 22
"../../../Engine/Content/Maps/Templates/Thumbnails/Default.uasset" 23
"../../../Engine/Content/Maps/Templates/Thumbnails/VR-Basic.uasset" 24
"../../../Engine/Content/EditorMaterials/ParticleSystems/PSysThumbnail_NoImage.uasset" 25
"../../../Engine/Content/EditorMaterials/ParticleSystems/PSysThumbnail_OOD.uasset" 26
"../../../Engine/Content/EditorLandscapeResources/DataLayer.uasset" 27
"../../../Engine/Content/EngineDamageTypes/DmgTypeBP_Environmental.uasset" 28
"../../../Engine/Content/EngineMeshes/Sphere.uasset" 29
"../../../Engine/Content/EngineFonts/RobotoDistanceField.uasset" 30
"../../../Engine/Content/EngineMaterials/DefaultTextMaterialOpaque.uasset" 31
"../../../Engine/Content/EditorResources/S_Trigger.uasset" 32
"../../../Engine/Content/EngineResources/GradientTexture0.uasset" 33
"../../../Engine/Content/EngineResources/Black.uasset" 34
"../../../Engine/Content/EditorMaterials/MatineeGroups/MAT_Groups_Float.uasset" 35
"../../../Engine/Content/EditorMaterials/MatineeGroups/MAT_Groups_Director.uasset" 36
"../../../Engine/Content/EditorMaterials/MatineeGroups/MAT_Groups_Event.uasset" 37
"../../../Engine/Content/EditorMaterials/MatineeGroups/MAT_Groups_Anim.uasset" 38
"../../../Engine/Content/EditorMaterials/MatineeGroups/MAT_Groups_Fade.uasset" 39
"../../../Engine/Content/EditorMaterials/MatineeGroups/MAT_Groups_Move.uasset" 40
"../../../Engine/Content/EditorMaterials/MatineeGroups/MAT_Groups_Slomo.uasset" 41
"../../../Engine/Content/EditorMaterials/MatineeGroups/MAT_ColorTrack.uasset" 42
"../../../Engine/Content/EditorMaterials/MAT_Groups_Toggle.uasset" 43
"../../../Engine/Content/EditorMaterials/MatineeGroups/MAT_Groups_AudioMaster.uasset" 44
"../../../Engine/Content/EditorMaterials/MatineeGroups/MAT_Groups_Sound.uasset" 45
"../../../Engine/Content/EditorMaterials/MatineeGroups/MAT_Groups_Vector.uasset" 46
"../../../Engine/Content/EditorMaterials/MAT_Groups_Visibility.uasset" 47
"../../../Engine/Content/EngineResources/DefaultTextureCube.uasset" 48
"../../../Engine/Content/Functions/Engine_MaterialFunctions01/Opacity/CameraDepthFade.uasset" 49
"../../../Engine/Content/EngineMaterials/T_Default_Material_Grid_M.uasset" 50
"../../../Engine/Content/EngineMaterials/T_Default_Material_Grid_N.uasset" 51
"../../../Engine/Content/EngineMaterials/DefaultMaterial.uasset" 52
"../../../Engine/Content/EngineMeshes/Cylinder.uasset" 53
"../../../Engine/Content/EngineTireTypes/DefaultTireType.uasset" 54
"../../../Engine/Content/EditorMaterials/Camera/CineMat.uasset" 55
"../../../Engine/Content/EditorMaterials/Camera/MI_CineMat_Rig.uasset" 56
"../../../Engine/Content/EditorMeshes/Camera/SM_CraneRig_Base.uasset" 57
"../../../Engine/Content/EditorMeshes/Camera/SM_CraneRig_Arm.uasset" 58
"../../../Engine/Content/EditorMeshes/Camera/SM_CraneRig_Mount.uasset" 59
"../../../Engine/Content/EditorMeshes/Camera/SM_CraneRig_Body.uasset" 60
"../../../Engine/Content/EditorMeshes/Camera/SM_RailRig_Track.uasset" 61
"../../../Engine/Content/EditorMeshes/Camera/SM_RailRig_Mount.uasset" 62
"../../../Engine/Content/VREditor/LaserPointer/VR_LaserPower_01.uasset" 63
"../../../Engine/Content/VREditor/TransformGizmo/TransformGizmoMaterial.uasset" 64
"../../../Engine/Content/VREditor/TransformGizmo/TranslucentTransformGizmoMaterial.uasset" 65
"../../../Engine/Content/VREditor/TransformGizmo/TranslationHandle.uasset" 66
"../../../Engine/Content/VREditor/TransformGizmo/PlaneTranslationHandle.uasset" 67
"../../../Engine/Content/VREditor/TransformGizmo/RotationHandle.uasset" 68
"../../../Engine/Content/VREditor/TransformGizmo/StretchingHandle.uasset" 69
"../../../Engine/Content/VREditor/TransformGizmo/BoundingBoxCorner.uasset" 70
"../../../Engine/Content/VREditor/TransformGizmo/BoundingBoxEdge.uasset" 71
"../../../Engine/Content/VREditor/TransformGizmo/UniformScaleHandle.uasset" 72
"../../../Engine/Content/VREditor/FloatingText/LineMaterial.uasset" 73
"../../../Engine/Content/VREditor/FloatingText/LineSegmentCylinder.uasset" 74
"../../../Engine/Content/VREditor/FloatingText/JointSphere.uasset" 75
"../../../Engine/Content/VREditor/Fonts/VRText_RobotoLarge.uasset" 76
"../../../Engine/Content/VREditor/Fonts/VRTextMaterial.uasset" 77
"../../../Engine/Content/VREditor/Fonts/TranslucentVRTextMaterial.uasset" 78
"../../../Engine/Content/VREditor/UI/SelectionBarMesh.uasset" 79
"../../../Engine/Content/VREditor/UI/CloseButtonMesh.uasset" 80
"../../../Engine/Content/Tutorial/Landscape/TutorialAssets/Landscape.uasset" 81
"../../../Engine/Content/EditorResources/EmptyActor.uasset" 82
"../../../Engine/Content/Tutorial/BlueprintTutorials/TutorialAssets/Blueprint_64x.uasset" 83
"../../../Engine/Content/Tutorial/Basics/TutorialAssets/icon_tab_Levels_40x.uasset" 84
"../../../Engine/Content/Tutorial/Foliage/TutorialAssets/Foliage.uasset" 85
"../../../Engine/Content/Tutorial/ContentIntroCurve.uasset" 86
"../../../Engine/Plugins/2D/Paper2D/Content/PlaceholderTextures/DummySpriteTexture.uasset" 87
"../../../Engine/Plugins/2D/Paper2D/Content/DefaultSpriteMaterial.uasset" 88
"../../../Engine/Plugins/2D/Paper2D/Content/MaskedUnlitSpriteMaterial.uasset" 89
"../../../Engine/Plugins/2D/Paper2D/Content/OpaqueUnlitSpriteMaterial.uasset" 90
"../../../Engine/Plugins/2D/Paper2D/Content/DummySprite.uasset" 91
"../../../Engine/Plugins/2D/Paper2D/Content/DefaultPaperTerrainMaterial.uasset" 92
"../../../Robots/Content/engineCont/EngineFonts/Roboto.uasset" 93
"../../../Engine/Content/EngineMaterials/RemoveSurfaceMaterial.uasset" 94
"../../../Engine/Content/EngineDebugMaterials/DebugMeshMaterial.uasset" 95
"../../../Engine/Content/EngineMaterials/InvalidLightmapSettings.uasset" 96
"../../../Engine/Content/EngineMaterials/M_InvalidLightmapSettings.uasset" 97
"../../../Engine/Content/EditorMaterials/GizmoMaterial.uasset" 98
"../../../Engine/Content/EngineMaterials/Good64x64TilingNoiseHighFreq.uasset" 99
"../../../Engine/Content/EngineMaterials/DefaultBokeh.uasset" 100
"../../../Engine/Content/EngineMaterials/PreintegratedSkinBRDF.uasset" 101
"../../../Engine/Content/EngineMaterials/MiniFont.uasset" 102
"../../../Engine/Content/EngineMaterials/WeightMapPlaceholderTexture.uasset" 103
"../../../Engine/Content/EngineMaterials/DefaultWhiteGrid.uasset" 104
"../../../Engine/Content/EngineFonts/RobotoTiny.uasset" 105
"../../../Engine/Content/EditorSounds/Notifications/CompileSuccess.uasset" 106
"../../../Engine/Content/EditorSounds/Notifications/CompileStart_Cue.uasset" 107
"../../../Engine/Content/EditorSounds/Notifications/CompileSuccess_Cue.uasset" 108
"../../../Engine/Content/EditorSounds/Notifications/CompileFailed.uasset" 109
"../../../Engine/Content/EditorSounds/Notifications/CompileFailed_Cue.uasset" 110
"../../../Engine/Content/EditorBlueprintResources/StandardMacros.uasset" 111
"../../../Robots/Content/robotdude/robotdude_Skeleton.uasset" 112
"../../../Robots/Content/robotdude/aim_Anim.uasset" 113
"../../../Robots/Content/robotdude/move_aim_montage.uasset" 114
"../../../Robots/Content/robotdude/idle_Anim.uasset" 115
"../../../Robots/Content/robotdude/punch_Anim.uasset" 116
"../../../Robots/Content/audio/Sword_sw-Dyed-8959_hifi.uasset" 117
"../../../Robots/Content/robotdude/move_punch_montage.uasset" 118
"../../../Robots/Content/robotdude/jump_end_Anim.uasset" 119
"../../../Robots/Content/robotdude/jump_loop_Anim.uasset" 120
"../../../Robots/Content/robotdude/jump_start_Anim.uasset" 121
"../../../Robots/Content/robotdude/run_Anim.uasset" 122
"../../../Robots/Content/robotdude/walk_Anim.uasset" 123
"../../../Robots/Content/robotdude/robotBlend1d.uasset" 124
"../../../Robots/Content/RobotInterface.uasset" 125
"../../../Robots/Content/robotdude/robotAnimBP.uasset" 126
"../../../Engine/Content/EditorBlueprintResources/ActorMacros.uasset" 127
"../../../Robots/Content/ai/aiState.uasset" 128
"../../../Robots/Content/ai/ai_blackboard.uasset" 129
"../../../Engine/Content/EngineMaterials/RandomNormal2.uasset" 130
"../../../Robots/Content/Material/laserRed.uasset" 131
"../../../Engine/Content/EngineMeshes/Cube.uasset" 132
"../../../Robots/Content/customActors/laser.uasset" 133
"../../../Robots/Content/robotdude/spectatorChar.uasset" 134
"../../../Robots/Content/robotdude/phong3.uasset" 135
"../../../Robots/Content/robotdude/revealColor.uasset" 136
"../../../Robots/Content/audio/laser-domson-8694_hifi.uasset" 137
"../../../Robots/Content/audio/Window_s-Public_d-187_hifi.uasset" 138
"../../../Robots/Content/robotdude/phong1.uasset" 139
"../../../Robots/Content/robotdude/phong5.uasset" 140
"../../../Robots/Content/robotdude/robotDudeAsset.uasset" 141
"../../../Robots/Content/robotdude/robotdude.uasset" 142
"../../../Robots/Content/robotdude/RobotChar.uasset" 143
"../../../Robots/Content/ai/attack.uasset" 144
"../../../Robots/Content/ai/decideState.uasset" 145
"../../../Robots/Content/ai/moveRandomly.uasset" 146
"../../../Robots/Content/ai/standAround.uasset" 147
"../../../Robots/Content/ai/ai_behaviourTree.uasset" 148
"../../../Robots/Content/ai/ai_controller.uasset" 149
"../../../Robots/Content/ai/AI_Char.uasset" 150
"../../../Engine/Content/MapTemplates/Materials/BasicAsset03.uasset" 151
"../../../Engine/Content/BasicShapes/Sphere.uasset" 152
"../../../Robots/Content/ai/Interest_Beacon.uasset" 153
"../../../Robots/Content/StarterContent/Textures/T_MacroVariation.uasset" 154
"../../../Robots/Content/StarterContent/Textures/T_Perlin_Noise_M.uasset" 155
"../../../Robots/Content/StarterContent/Textures/T_Wood_Pine_D.uasset" 156
"../../../Robots/Content/StarterContent/Textures/T_Wood_Pine_N.uasset" 157
"../../../Robots/Content/StarterContent/Materials/M_Wood_Pine.uasset" 158
"../../../Robots/Content/Meshes/phong1.uasset" 159
"../../../Robots/Content/Meshes/capsule.uasset" 160
"../../../Robots/Content/customActors/CapsuleBP.uasset" 161
"../../../Robots/Content/RobotsGameModeBP.uasset" 162
"../../../Engine/Content/MobileResources/HUD/AnalogHat.uasset" 163
"../../../Engine/Content/MobileResources/HUD/VirtualJoystick_Background.uasset" 164
"../../../Engine/Content/MobileResources/HUD/VirtualJoystick_Thumb.uasset" 165
"../../../Engine/Content/MobileResources/HUD/DefaultVirtualJoysticks.uasset" 166
"../../../Engine/Content/MobileResources/HUD/MobileHUDDirectionPad3.uasset" 167
"../../../Robots/Content/engineCont/EngineFonts/RobotoDistanceField.uasset" 168
"../../../Robots/Content/UI/MandroidBB.uasset" 169
"../../../Robots/Content/UI/MandroidBB_italBB.uasset" 170
"../../../Robots/Content/UI/MandroidBB_bold.uasset" 171
"../../../Robots/Content/UI/messageWidget.uasset" 172
"../../../Robots/Content/StarterContent/Materials/M_Basic_Wall.uasset" 173
"../../../Robots/Content/StarterContent/Shapes/Shape_Plane.uasset" 174
"../../../Robots/Content/StarterContent/Shapes/Shape_Torus.uasset" 175
"../../../Robots/Content/StarterContent/Shapes/Shape_Trim.uasset" 176
"../../../Robots/Content/StarterContent/Shapes/Shape_Trim_90_In.uasset" 177
"../../../Robots/Content/StarterContent/Shapes/Shape_Trim_90_Out.uasset" 178
"../../../Robots/Content/StarterContent/Shapes/Shape_TriPyramid.uasset" 179
"../../../Robots/Content/StarterContent/Shapes/Shape_Tube.uasset" 180
"../../../Robots/Content/StarterContent/Shapes/Shape_Wedge_A.uasset" 181
"../../../Engine/Content/MobileResources/HUD/MobileHUDButtonFire.uasset" 182
"../../../Robots/Content/Textures/tex_snow_mask4.uasset" 183
"../../../Engine/Content/MobileResources/HUD/MobileHUDDirectionStick.uasset" 184
"../../../Robots/Content/customActors/empBlast.uasset" 185
"../../../Robots/Content/phong1.uasset" 186
"../../../Robots/Content/pistol.uasset" 187
"../../../Robots/Content/customActors/pistolActor.uasset" 188
"../../../Engine/Content/EditorMeshes/ColorCalibrator/T_ColorGrid.uasset" 189
"../../../Robots/Content/StarterContent/Materials/M_ColorGrid_LowSpec.uasset" 190
"../../../Engine/Content/MobileResources/HUD/T_Castle_ThumbstickInner.uasset" 191
"../../../Robots/Content/Material/empBlue.uasset" 192
"../../../Robots/Content/StarterContent/Materials/M_Glass.uasset" 193
"../../../Robots/Content/StarterContent/Materials/M_Metal_Chrome.uasset" 194
"../../../Engine/Content/EngineMaterials/WorldGridMaterial.uasset" 195
"../../../Robots/Content/Meshes/emp.uasset" 196
"../../../Robots/Content/customActors/bombActor.uasset" 197
"../../../Robots/Content/Material/randomColor.uasset" 198
"../../../Robots/Content/StarterContent/Audio/Light01_Cue.uasset" 199
"../../../Robots/Content/StarterContent/Audio/Light02_Cue.uasset" 200
"../../../Engine/Content/MobileResources/HUD/MobileHUDButton2_off.uasset" 201
"../../../Engine/Content/MobileResources/HUD/MobileHUDButton1_off.uasset" 202
"../../../Robots/Content/Textures/tex_snow_mask3.uasset" 203
"../../../Robots/Content/engineCont/EngineFonts/SmallFont.uasset" 204
"../../../Engine/Content/MobileResources/HUD/LeftVirtualJoystickOnly.uasset" 205
"../../../Engine/Content/MobileResources/T_MobileMenu2.uasset" 206
"../../../Engine/Content/EditorResources/AudioIcons/S_AudioComponent_AutoActivate.uasset" 207
"../../../Engine/Content/EditorResources/AudioIcons/S_AudioComponent.uasset" 208
"../../../Engine/Content/MobileResources/HUD/MobileHUDButton2_on.uasset" 209
"../../../Engine/Content/MobileResources/HUD/MobileHUDDirectionPad.uasset" 210
"../../../Engine/Content/MobileResources/HUD/MobileHUDButton3.uasset" 211
"../../../Robots/Content/Textures/tex_snow_mask2.uasset" 212
"../../../Robots/Content/engineCont/EngineFonts/RobotoTiny.uasset" 213
"../../../Engine/Content/MobileResources/HUD/MobileHUDDirectionPad2.uasset" 214
"../../../Engine/Content/MobileResources/HUD/MobileHUDButton1_on.uasset" 215
"../../../Robots/Content/StarterContent/Shapes/Shape_WideCapsule.uasset" 216
"../../../Engine/Content/BasicShapes/Cone.uasset" 217
"../../../Engine/Content/BasicShapes/Cylinder.uasset" 218
"../../../Engine/Content/EditorMaterials/PhAT_JointLimitMaterial.uasset" 219
"../../../Engine/Content/EditorMaterials/PreviewShadowIndicator.uasset" 220
"../../../Engine/Content/EditorMaterials/PreviewShadowIndicatorMaterial.uasset" 221
"../../../Engine/Content/EditorResources/BSPVertex.uasset" 222
"../../../Engine/Content/EditorResources/LightIcons/S_LightError.uasset" 223
"../../../Engine/Content/EngineDebugMaterials/HeatmapGradient.uasset" 224
"../../../Engine/Content/EngineDebugMaterials/BoneWeightMaterial.uasset" 225
"../../../Engine/Content/EngineDebugMaterials/GeomMaterial.uasset" 226
"../../../Engine/Content/EngineMaterials/EditorBrushMaterial.uasset" 227
"../../../Engine/Content/MobileResources/T_MobileControls_texture.uasset" 228
"../../../Engine/Content/MobileResources/HUD/T_Castle_ThumbstickOutter.uasset" 229
"../../../Engine/Content/Tutorial/BlueprintTutorials/TutorialAssets/BlueprintInterface_64x.uasset" 230
"../../../Engine/Content/Tutorial/BlueprintTutorials/TutorialAssets/BlueprintMacroLibrary_64x.uasset" 231
"../../../Engine/Content/Tutorial/BlueprintTutorials/TutorialAssets/Tutorial_BP_Interface.uasset" 232
"../../../Engine/Content/Tutorial/Paper2D/TutorialAssets/Paper2DFlipbook_TutorialIcon.uasset" 233
"../../../Engine/Content/Tutorial/Paper2D/TutorialAssets/Paper2DSprite_TutorialIcon.uasset" 234
"../../../Engine/Content/Tutorial/SubEditors/TutorialAssets/icon_Editor_Preferences_General_40x.uasset" 235
"../../../Engine/Content/Tutorial/SubEditors/TutorialAssets/icon_ShowSkeletalMeshes_40x.uasset" 236
"../../../Engine/Content/Tutorial/SubEditors/TutorialAssets/TutorialMaterial.uasset" 237
"../../../Engine/Content/Tutorial/SubEditors/TutorialAssets/T_SmokeSubUV_8X8.uasset" 238
"../../../Engine/Content/Tutorial/SubEditors/TutorialAssets/T_soft_smoke.uasset" 239
"../../../Engine/Content/Tutorial/SubEditors/TutorialAssets/M_smoke_subUV_blackbody.uasset" 240
"../../../Engine/Content/Tutorial/SubEditors/TutorialAssets/TutorialParticleSystem.uasset" 241
"../../../Engine/Content/EditorMeshes/EditorCube.uasset" 242
"../../../Engine/Content/Tutorial/SubEditors/TutorialAssets/Tutorial_DM.uasset" 243
"../../../Robots/Content/playerScore.uasset" 244
"../../../Robots/Content/powerups.uasset" 245
"../../../Robots/Content/ai/staticFunctions.uasset" 246
"../../../Robots/Content/audio/footstep.uasset" 247
"../../../Robots/Content/engineCont/EngineFonts/TinyFont.uasset" 248
"../../../Robots/Content/Geometry/Meshes/CubeMaterial.uasset" 249
"../../../Robots/Content/Geometry/Meshes/1M_Cube.uasset" 250
"../../../Robots/Content/Geometry/Meshes/1M_Cube_Chamfer.uasset" 251
"../../../Robots/Content/Geometry/Meshes/TemplateFloor.uasset" 252
"../../../Robots/Content/Mannequin/Character/Mesh/UE4_Mannequin_Skeleton.uasset" 253
"../../../Robots/Content/Mannequin/Animations/ThirdPersonJump_End.uasset" 254
"../../../Robots/Content/Mannequin/Animations/ThirdPerson_Jump.uasset" 255
"../../../Robots/Content/Mannequin/Animations/ThirdPersonJump_Loop.uasset" 256
"../../../Robots/Content/Mannequin/Animations/ThirdPersonJump_Start.uasset" 257
"../../../Robots/Content/Mannequin/Animations/ThirdPersonIdle.uasset" 258
"../../../Robots/Content/Mannequin/Animations/ThirdPersonRun.uasset" 259
"../../../Robots/Content/Mannequin/Animations/ThirdPersonWalk.uasset" 260
"../../../Robots/Content/Mannequin/Animations/ThirdPerson_IdleRun_2D.uasset" 261
"../../../Robots/Content/Mannequin/Animations/ThirdPerson_AnimBP.uasset" 262
"../../../Robots/Content/UI/joinWidget.uasset" 263
"../../../Robots/Content/maps/HLOD/menuGameModeBP.uasset" 264
"../../../Engine/Content/ArtTools/RenderToTexture/MaterialFunctions/FlipbookWind.uasset" 265
"../../../Robots/Content/Textures/Placeholder/tex_diffuse.uasset" 266
"../../../Robots/Content/Material/Master_Material/M_grass_advanced.uasset" 267
"../../../Robots/Content/Textures/tex_variation_diff.uasset" 268
"../../../Robots/Content/Textures/Trees/tex_leaves_diff.uasset" 269
"../../../Robots/Content/Material/Child_Material/M_bush_advanced_Inst.uasset" 270
"../../../Robots/Content/Material/Master_Material/reaction_param_collection.uasset" 271
"../../../Robots/Content/Material/Master_Material/M_grass_pro.uasset" 272
"../../../Robots/Content/Textures/tex_snow_diff.uasset" 273
"../../../Robots/Content/Textures/tex_snow_mask1.uasset" 274
"../../../Robots/Content/Material/Child_Material/M_bush_pro_Inst.uasset" 275
"../../../Engine/Content/Functions/Engine_MaterialFunctions02/WorldPositionOffset/Wind.uasset" 276
"../../../Robots/Content/Textures/Placeholder/tex_normal.uasset" 277
"../../../Robots/Content/Material/Master_Material/M_bark.uasset" 278
"../../../Robots/Content/Textures/Trees/tex_deciduousbark1_diff.uasset" 279
"../../../Robots/Content/Textures/Trees/tex_deciduousbark1_n.uasset" 280
"../../../Robots/Content/Material/Child_Material/M_deciduousbark1_Inst.uasset" 281
"../../../Robots/Content/Textures/Trees/tex_deciduousbark2_diff.uasset" 282
"../../../Robots/Content/Textures/Trees/tex_deciduousbark2_n.uasset" 283
"../../../Robots/Content/Material/Child_Material/M_deciduousbark2_Inst.uasset" 284
"../../../Robots/Content/Textures/Grass_Flower/tex_flower_pink_diff.uasset" 285
"../../../Robots/Content/Material/Child_Material/M_flower_advanced_pink_Inst.uasset" 286
"../../../Robots/Content/Textures/Grass_Flower/tex_flower_red_diff.uasset" 287
"../../../Robots/Content/Material/Child_Material/M_flower_advanced_red_Inst.uasset" 288
"../../../Robots/Content/Material/Master_Material/M_grass_basic.uasset" 289
"../../../Robots/Content/Material/Child_Material/M_flower_basic_pink_Inst.uasset" 290
"../../../Robots/Content/Material/Child_Material/M_flower_pro_pink_Inst.uasset" 291
"../../../Robots/Content/Material/Child_Material/M_flower_pro_red_Inst.uasset" 292
"../../../Robots/Content/Textures/Grass_Flower/tex_grass_diff.uasset" 293
"../../../Robots/Content/Material/Child_Material/M_grass_advanced_Inst.uasset" 294
"../../../Robots/Content/Material/Child_Material/M_grass_pro_Inst.uasset" 295
"../../../Engine/Content/Functions/Engine_MaterialFunctions02/Utility/BlendAngleCorrectedNormals.uasset" 296
"../../../Robots/Content/Textures/Ground/tex_dirt_diff.uasset" 297
"../../../Robots/Content/Textures/Ground/tex_dirt_n.uasset" 298
"../../../Robots/Content/Textures/Ground/tex_grass_diff.uasset" 299
"../../../Robots/Content/Textures/Ground/tex_grass_n.uasset" 300
"../../../Robots/Content/Textures/Ground/tex_macro.uasset" 301
"../../../Robots/Content/Textures/Ground/tex_noise.uasset" 302
"../../../Robots/Content/Material/Master_Material/M_landscape.uasset" 303
"../../../Robots/Content/Material/Child_Material/M_landscape_Inst.uasset" 304
"../../../Robots/Content/Material/Master_Material/M_tree_advanced.uasset" 305
"../../../Robots/Content/Material/Child_Material/M_tree_advanced_Inst.uasset" 306
"../../../Robots/Content/Material/Master_Material/M_tree_pro.uasset" 307
"../../../Robots/Content/Textures/Trees/tex_branch_diff.uasset" 308
"../../../Robots/Content/Material/Child_Material/M_tree_pro_Inst.uasset" 309
"../../../Robots/Content/Textures/Particle/tex_leave_diff.uasset" 310
"../../../Robots/Content/Material/Particle/M_leave_part.uasset" 311
"../../../Robots/Content/Material/Child_Material/M_flower_basic_red_Inst.uasset" 312
"../../../Robots/Content/Material/Child_Material/M_grass_basic_Inst.uasset" 313
"../../../Robots/Content/Meshes/Field/SM_grass_flower_patch1.uasset" 314
"../../../Robots/Content/Meshes/Field/SM_grass_flower_patch2.uasset" 315
"../../../Robots/Content/Meshes/Field/SM_grass_flower_patch3.uasset" 316
"../../../Robots/Content/Meshes/Field/SM_grass_flower_patch4.uasset" 317
"../../../Robots/Content/Meshes/Field/SM_grass_flower_patch5.uasset" 318
"../../../Robots/Content/Meshes/Field/SM_grass_flower_patch6.uasset" 319
"../../../Robots/Content/StarterContent/Architecture/Wall_400x300.uasset" 320
"../../../Robots/Content/StarterContent/Architecture/Wall_400x400.uasset" 321
"../../../Robots/Content/StarterContent/Architecture/Wall_500x500.uasset" 322
"../../../Robots/Content/StarterContent/Architecture/Wall_Window_400x400.uasset" 323
"../../../Robots/Content/StarterContent/Audio/Explosion_Cue.uasset" 324
"../../../Robots/Content/StarterContent/Textures/T_Burst_M.uasset" 325
"../../../Robots/Content/StarterContent/Particles/Materials/M_Burst.uasset" 326
"../../../Robots/Content/StarterContent/Textures/T_Explosion_SubUV.uasset" 327
"../../../Robots/Content/StarterContent/Particles/Materials/M_explosion_subUV.uasset" 328
"../../../Robots/Content/StarterContent/Particles/Materials/m_flare_01.uasset" 329
"../../../Engine/Content/Functions/Engine_MaterialFunctions01/Gradient/RadialGradient.uasset" 330
"../../../Robots/Content/StarterContent/Particles/Materials/M_radial_ramp.uasset" 331
"../../../Robots/Content/StarterContent/Textures/T_Smoke_SubUV.uasset" 332
"../../../Robots/Content/StarterContent/Textures/T_Smoke_Tiled_D.uasset" 333
"../../../Robots/Content/StarterContent/Particles/Materials/M_smoke_subUV.uasset" 334
"../../../Robots/Content/StarterContent/Particles/P_Explosion.uasset" 335
"../../../Robots/Content/StarterContent/Blueprints/Blueprint_Effect_Explosion.uasset" 336
"../../../Robots/Content/StarterContent/Textures/T_Bush_D.uasset" 337
"../../../Robots/Content/StarterContent/Textures/T_Bush_N.uasset" 338
"../../../Robots/Content/StarterContent/Props/Materials/M_Bush.uasset" 339
"../../../Robots/Content/StarterContent/Props/SM_Bush.uasset" 340
"../../../Robots/Content/StarterContent/Textures/T_Chair_M.uasset" 341
"../../../Robots/Content/StarterContent/Textures/T_Chair_N.uasset" 342
"../../../Robots/Content/StarterContent/Props/Materials/M_Chair.uasset" 343
"../../../Robots/Content/StarterContent/Props/SM_Couch.uasset" 344
"../../../Robots/Content/StarterContent/Props/Materials/M_MaterialSphere.uasset" 345
"../../../Robots/Content/StarterContent/Props/Materials/M_MaterialSphere_Plain.uasset" 346
"../../../Robots/Content/StarterContent/Props/SM_MatPreviewMesh_02.uasset" 347
"../../../Robots/Content/StarterContent/Textures/T_Shelf_M.uasset" 348
"../../../Robots/Content/StarterContent/Textures/T_Shelf_N.uasset" 349
"../../../Robots/Content/StarterContent/Props/Materials/M_Shelf.uasset" 350
"../../../Robots/Content/StarterContent/Props/SM_Shelf.uasset" 351
"../../../Robots/Content/StarterContent/Materials/M_Basic_Floor.uasset" 352
"../../../Robots/Content/StarterContent/Props/SM_Stairs.uasset" 353
"../../../Robots/Content/StarterContent/Shapes/Shape_Cone.uasset" 354
"../../../Robots/Content/StarterContent/Shapes/Shape_Cylinder.uasset" 355
"../../../Robots/Content/StarterContent/Shapes/Shape_NarrowCapsule.uasset" 356
"../../../Robots/Content/StarterContent/Shapes/Shape_Pipe.uasset" 357
"../../../Robots/Content/StarterContent/Shapes/Shape_Pipe_180.uasset" 358
"../../../Robots/Content/StarterContent/Shapes/Shape_Pipe_90.uasset" 359
"../../../Robots/Content/StarterContent/Audio/Fire01_Cue.uasset" 360
"../../../Robots/Content/StarterContent/Textures/T_Fire_SubUV.uasset" 361
"../../../Robots/Content/StarterContent/Textures/T_Fire_Tiled_D.uasset" 362
"../../../Robots/Content/StarterContent/Particles/Materials/M_Fire_SubUV.uasset" 363
"../../../Robots/Content/StarterContent/Textures/T_Water_N.uasset" 364
"../../../Robots/Content/StarterContent/Particles/Materials/M_Heat_Distortion.uasset" 365
"../../../Robots/Content/StarterContent/Particles/Materials/M_Radial_Gradient.uasset" 366
"../../../Robots/Content/StarterContent/Particles/P_Fire.uasset" 367
"../../../Robots/Content/StarterContent/Blueprints/Blueprint_Effect_Fire.uasset" 368
"../../../Robots/Content/StarterContent/Audio/Smoke01_Cue.uasset" 369
"../../../Robots/Content/StarterContent/Particles/P_Smoke.uasset" 370
"../../../Robots/Content/StarterContent/Blueprints/Blueprint_Effect_Smoke.uasset" 371
"../../../Robots/Content/StarterContent/Audio/Fire_Sparks01_Cue.uasset" 372
"../../../Robots/Content/StarterContent/Textures/T_Spark_Core.uasset" 373
"../../../Robots/Content/StarterContent/Particles/Materials/M_Spark.uasset" 374
"../../../Robots/Content/StarterContent/Particles/P_Sparks.uasset" 375
"../../../Robots/Content/StarterContent/Blueprints/Blueprint_Effect_Sparks.uasset" 376
"../../../Robots/Content/StarterContent/Audio/Steam01_Cue.uasset" 377
"../../../Robots/Content/StarterContent/Particles/P_Steam_Lit.uasset" 378
"../../../Robots/Content/StarterContent/Blueprints/Blueprint_Effect_Steam.uasset" 379
"../../../Engine/Content/EngineSky/C_Sky_Cloud_Color.uasset" 380
"../../../Engine/Content/EngineSky/C_Sky_Horizon_Color.uasset" 381
"../../../Engine/Content/EngineSky/C_Sky_Zenith_Color.uasset" 382
"../../../Engine/Content/EngineSky/T_Sky_Blue.uasset" 383
"../../../Engine/Content/EngineSky/T_Sky_Clouds_M.uasset" 384
"../../../Engine/Content/EngineSky/T_Sky_Stars.uasset" 385
"../../../Engine/Content/EngineSky/M_Sky_Panning_Clouds2.uasset" 386
"../../../Engine/Content/EngineSky/SM_SkySphere.uasset" 387
"../../../Engine/Content/EngineSky/BP_Sky_Sphere.uasset" 388
"../../../Robots/Content/StarterContent/Textures/T_Lamp_M.uasset" 389
"../../../Robots/Content/StarterContent/Textures/T_Lamp_N.uasset" 390
"../../../Robots/Content/StarterContent/Props/Materials/M_Lamp.uasset" 391
"../../../Robots/Content/StarterContent/Props/SM_Lamp_Ceiling.uasset" 392
"../../../Robots/Content/StarterContent/Blueprints/Blueprint_CeilingLight.uasset" 393
"../../../Robots/Content/StarterContent/Props/SM_Lamp_Wall.uasset" 394
"../../../Robots/Content/StarterContent/Blueprints/Blueprint_WallSconce.uasset" 395
"../../../Engine/Content/Functions/Engine_MaterialFunctions03/Procedurals/ComputeFilterWidth.uasset" 396
"../../../Engine/Content/EngineMaterials/AntiAliasedTextMaterialTranslucent.uasset" 397
"../../../Robots/Content/StarterContent/Textures/T_Brick_Clay_Beveled_D.uasset" 398
"../../../Robots/Content/StarterContent/Textures/T_Brick_Clay_Beveled_M.uasset" 399
"../../../Robots/Content/StarterContent/Textures/T_Brick_Clay_Beveled_N.uasset" 400
"../../../Robots/Content/StarterContent/Materials/M_Brick_Clay_Beveled.uasset" 401
"../../../Robots/Content/StarterContent/Textures/T_Brick_Clay_New_D.uasset" 402
"../../../Robots/Content/StarterContent/Textures/T_Brick_Clay_New_M.uasset" 403
"../../../Robots/Content/StarterContent/Textures/T_Brick_Clay_New_N.uasset" 404
"../../../Robots/Content/StarterContent/Textures/T_Detail_Rocky_N.uasset" 405
"../../../Robots/Content/StarterContent/Materials/M_Brick_Clay_New.uasset" 406
"../../../Robots/Content/StarterContent/Textures/T_Brick_Clay_Old_D.uasset" 407
"../../../Robots/Content/StarterContent/Textures/T_Brick_Clay_Old_N.uasset" 408
"../../../Robots/Content/StarterContent/Materials/M_Brick_Clay_Old.uasset" 409
"../../../Robots/Content/StarterContent/Textures/T_Brick_Cut_Stone_D.uasset" 410
"../../../Robots/Content/StarterContent/Textures/T_Brick_Cut_Stone_N.uasset" 411
"../../../Robots/Content/StarterContent/Materials/M_Brick_Cut_Stone.uasset" 412
"../../../Robots/Content/StarterContent/Textures/T_Brick_Hewn_Stone_D.uasset" 413
"../../../Robots/Content/StarterContent/Textures/T_Brick_Hewn_Stone_M.uasset" 414
"../../../Robots/Content/StarterContent/Textures/T_Brick_Hewn_Stone_N.uasset" 415
"../../../Robots/Content/StarterContent/Materials/M_Brick_Hewn_Stone.uasset" 416
"../../../Robots/Content/StarterContent/Textures/T_Ceramic_Tile_M.uasset" 417
"../../../Robots/Content/StarterContent/Textures/T_Ceramic_Tile_N.uasset" 418
"../../../Robots/Content/StarterContent/Textures/T_Rock_Marble_Polished_D.uasset" 419
"../../../Robots/Content/StarterContent/Materials/M_Ceramic_Tile_Checker.uasset" 420
"../../../Robots/Content/StarterContent/Textures/T_CobbleStone_Pebble_D.uasset" 421
"../../../Robots/Content/StarterContent/Textures/T_CobbleStone_Pebble_M.uasset" 422
"../../../Robots/Content/StarterContent/Textures/T_CobbleStone_Pebble_N.uasset" 423
"../../../Robots/Content/StarterContent/Materials/M_CobbleStone_Pebble.uasset" 424
"../../../Robots/Content/StarterContent/Textures/T_CobbleStone_Rough_D.uasset" 425
"../../../Robots/Content/StarterContent/Textures/T_CobbleStone_Rough_N.uasset" 426
"../../../Robots/Content/StarterContent/Textures/T_Gradinet_01.uasset" 427
"../../../Robots/Content/StarterContent/Textures/T_Rock_Smooth_Granite_D.uasset" 428
"../../../Robots/Content/StarterContent/Materials/M_CobbleStone_Rough.uasset" 429
"../../../Robots/Content/StarterContent/Textures/T_CobbleStone_Smooth_D.uasset" 430
"../../../Robots/Content/StarterContent/Textures/T_CobbleStone_Smooth_M.uasset" 431
"../../../Robots/Content/StarterContent/Textures/T_CobbleStone_Smooth_N.uasset" 432
"../../../Robots/Content/StarterContent/Materials/M_CobbleStone_Smooth.uasset" 433
"../../../Robots/Content/StarterContent/Textures/T_Concrete_Grime_D.uasset" 434
"../../../Robots/Content/StarterContent/Textures/T_Metal_Rust_N.uasset" 435
"../../../Robots/Content/StarterContent/Materials/M_Concrete_Grime.uasset" 436
"../../../Robots/Content/StarterContent/Textures/T_Concrete_Panels_D.uasset" 437
"../../../Robots/Content/StarterContent/Textures/T_Concrete_Panels_N.uasset" 438
"../../../Robots/Content/StarterContent/Materials/M_Concrete_Panels.uasset" 439
"../../../Robots/Content/StarterContent/Textures/T_Concrete_Poured_D.uasset" 440
"../../../Robots/Content/StarterContent/Textures/T_Concrete_Poured_N.uasset" 441
"../../../Robots/Content/StarterContent/Materials/M_Concrete_Poured.uasset" 442
"../../../Robots/Content/StarterContent/Textures/T_Concrete_Tiles_D.uasset" 443
"../../../Robots/Content/StarterContent/Textures/T_Concrete_Tiles_M.uasset" 444
"../../../Robots/Content/StarterContent/Textures/T_Concrete_Tiles_N.uasset" 445
"../../../Robots/Content/StarterContent/Textures/T_Concrete_Tiles_Variation_M.uasset" 446
"../../../Robots/Content/StarterContent/Materials/M_Concrete_Tiles.uasset" 447
"../../../Robots/Content/StarterContent/Textures/T_Ground_Grass_D.uasset" 448
"../../../Robots/Content/StarterContent/Textures/T_Ground_Grass_N.uasset" 449
"../../../Robots/Content/StarterContent/Materials/M_Ground_Grass.uasset" 450
"../../../Robots/Content/StarterContent/Textures/T_Ground_Gravel_D.uasset" 451
"../../../Robots/Content/StarterContent/Textures/T_Ground_Gravel_N.uasset" 452
"../../../Robots/Content/StarterContent/Materials/M_Ground_Gravel.uasset" 453
"../../../Robots/Content/StarterContent/Textures/T_ground_Moss_D.uasset" 454
"../../../Robots/Content/StarterContent/Textures/T_Ground_Moss_N.uasset" 455
"../../../Robots/Content/StarterContent/Materials/M_Ground_Moss.uasset" 456
"../../../Robots/Content/StarterContent/Materials/M_Metal_Brushed_Nickel.uasset" 457
"../../../Robots/Content/StarterContent/Textures/T_Metal_Aluminum_D.uasset" 458
"../../../Robots/Content/StarterContent/Textures/T_Metal_Gold_N.uasset" 459
"../../../Robots/Content/StarterContent/Materials/M_Metal_Burnished_Steel.uasset" 460
"../../../Robots/Content/StarterContent/Textures/T_Metal_Copper_D.uasset" 461
"../../../Robots/Content/StarterContent/Materials/M_Metal_Copper.uasset" 462
"../../../Robots/Content/StarterContent/Textures/T_Metal_Gold_D.uasset" 463
"../../../Robots/Content/StarterContent/Materials/M_Metal_Gold.uasset" 464
"../../../Robots/Content/StarterContent/Textures/T_Metal_Rust_D.uasset" 465
"../../../Robots/Content/StarterContent/Materials/M_Metal_Rust.uasset" 466
"../../../Robots/Content/StarterContent/Textures/T_Metal_Steel_D.uasset" 467
"../../../Robots/Content/StarterContent/Textures/T_Metal_Steel_N.uasset" 468
"../../../Robots/Content/StarterContent/Materials/M_Metal_Steel.uasset" 469
"../../../Robots/Content/StarterContent/Textures/T_Rock_Basalt_D.uasset" 470
"../../../Robots/Content/StarterContent/Textures/T_Rock_Basalt_N.uasset" 471
"../../../Robots/Content/StarterContent/Materials/M_Rock_Basalt.uasset" 472
"../../../Robots/Content/StarterContent/Materials/M_Rock_Marble_Polished.uasset" 473
"../../../Robots/Content/StarterContent/Textures/T_Rock_Sandstone_D.uasset" 474
"../../../Robots/Content/StarterContent/Textures/T_Rock_Sandstone_N.uasset" 475
"../../../Robots/Content/StarterContent/Materials/M_Rock_Sandstone.uasset" 476
"../../../Robots/Content/StarterContent/Textures/T_Rock_Slate_D.uasset" 477
"../../../Robots/Content/StarterContent/Textures/T_Rock_Slate_N.uasset" 478
"../../../Robots/Content/StarterContent/Materials/M_Rock_Slate.uasset" 479
"../../../Robots/Content/StarterContent/Textures/T_Checker_Noise_M.uasset" 480
"../../../Robots/Content/StarterContent/Textures/T_Single_Tile_N.uasset" 481
"../../../Robots/Content/StarterContent/Textures/T_Tech_Dot_M.uasset" 482
"../../../Robots/Content/StarterContent/Textures/T_Tech_Dot_N.uasset" 483
"../../../Robots/Content/StarterContent/Materials/M_Tech_Checker_Dot.uasset" 484
"../../../Robots/Content/StarterContent/Textures/T_Tech_Hex_Tile_M.uasset" 485
"../../../Robots/Content/StarterContent/Textures/T_Tech_Hex_Tile_N.uasset" 486
"../../../Robots/Content/StarterContent/Materials/M_Tech_Hex_Tile.uasset" 487
"../../../Robots/Content/StarterContent/Materials/M_Tech_Hex_Tile_Pulse.uasset" 488
"../../../Robots/Content/StarterContent/Textures/T_Tech_Panel_M.uasset" 489
"../../../Robots/Content/StarterContent/Textures/T_Tech_Panel_N.uasset" 490
"../../../Robots/Content/StarterContent/Materials/M_Tech_Panel.uasset" 491
"../../../Robots/Content/StarterContent/Materials/M_Water_Lake.uasset" 492
"../../../Robots/Content/StarterContent/Textures/T_Water_M.uasset" 493
"../../../Robots/Content/StarterContent/Materials/M_Water_Ocean.uasset" 494
"../../../Robots/Content/StarterContent/Textures/T_Wood_Floor_Walnut_D.uasset" 495
"../../../Robots/Content/StarterContent/Textures/T_Wood_Floor_Walnut_M.uasset" 496
"../../../Robots/Content/StarterContent/Textures/T_Wood_Floor_Walnut_N.uasset" 497
"../../../Robots/Content/StarterContent/Materials/M_Wood_Floor_Walnut_Polished.uasset" 498
"../../../Engine/Content/Functions/Engine_MaterialFunctions01/Opacity/AlphaOffset.uasset" 499
"../../../Robots/Content/StarterContent/Materials/M_Wood_Floor_Walnut_Worn.uasset" 500
"../../../Robots/Content/StarterContent/Textures/T_Wood_Oak_D.uasset" 501
"../../../Robots/Content/StarterContent/Textures/T_Wood_Oak_N.uasset" 502
"../../../Robots/Content/StarterContent/Materials/M_Wood_Oak.uasset" 503
"../../../Robots/Content/StarterContent/Textures/T_Wood_Walnut_D.uasset" 504
"../../../Robots/Content/StarterContent/Textures/T_Wood_Walnut_N.uasset" 505
"../../../Robots/Content/StarterContent/Materials/M_Wood_Walnut.uasset" 506
"../../../Robots/Content/StarterContent/Architecture/Floor_400x400.uasset" 507
"../../../Robots/Content/StarterContent/Architecture/Wall_400x200.uasset" 508
"../../../Robots/Content/StarterContent/Architecture/Wall_Door_400x300.uasset" 509
"../../../Robots/Content/StarterContent/Architecture/Wall_Window_400x300.uasset" 510
"../../../Robots/Content/StarterContent/Audio/Collapse_Cue.uasset" 511
"../../../Robots/Content/StarterContent/Audio/Starter_Background_Cue.uasset" 512
"../../../Robots/Content/StarterContent/Audio/Starter_Music_Cue.uasset" 513
"../../../Robots/Content/StarterContent/Textures/T_Dust_Particle_D.uasset" 514
"../../../Robots/Content/StarterContent/Particles/Materials/M_Dust_Particle.uasset" 515
"../../../Robots/Content/StarterContent/Particles/P_Ambient_Dust.uasset" 516
"../../../Robots/Content/StarterContent/Props/MaterialSphere.uasset" 517
"../../../Robots/Content/StarterContent/Props/SM_Chair.uasset" 518
"../../../Robots/Content/StarterContent/Textures/T_Frame_M.uasset" 519
"../../../Robots/Content/StarterContent/Textures/T_Frame_N.uasset" 520
"../../../Robots/Content/StarterContent/Props/Materials/M_Frame.uasset" 521
"../../../Robots/Content/StarterContent/Props/SM_CornerFrame.uasset" 522
"../../../Robots/Content/StarterContent/Props/SM_DoorFrame.uasset" 523
"../../../Robots/Content/StarterContent/Props/SM_GlassWindow.uasset" 524
"../../../Robots/Content/StarterContent/Props/SM_PillarFrame.uasset" 525
"../../../Robots/Content/StarterContent/Props/SM_PillarFrame300.uasset" 526
"../../../Robots/Content/StarterContent/Textures/T_Statue_M.uasset" 527
"../../../Robots/Content/StarterContent/Textures/T_Statue_N.uasset" 528
"../../../Robots/Content/StarterContent/Props/Materials/M_Statue.uasset" 529
"../../../Robots/Content/StarterContent/Props/Materials/M_StatueGlass.uasset" 530
"../../../Robots/Content/StarterContent/Props/SM_Statue.uasset" 531
"../../../Robots/Content/StarterContent/Textures/T_TableRound_M.uasset" 532
"../../../Robots/Content/StarterContent/Textures/T_TableRound_N.uasset" 533
"../../../Robots/Content/StarterContent/Props/Materials/M_TableRound.uasset" 534
"../../../Robots/Content/StarterContent/Props/SM_TableRound.uasset" 535
"../../../Robots/Content/StarterContent/Props/SM_WindowFrame.uasset" 536
"../../../Robots/Content/StarterContent/Shapes/Shape_Cube.uasset" 537
"../../../Robots/Content/StarterContent/Shapes/Shape_QuadPyramid.uasset" 538
"../../../Robots/Content/StarterContent/Shapes/Shape_Sphere.uasset" 539
"../../../Robots/Content/StarterContent/Maps/StarterMap.umap" 540
"../../../Engine/Content/EngineMaterials/DefaultNormal.uasset" 541
"../../../Engine/Content/Maps/Entry.umap" 542
"../../../Engine/Content/EngineMaterials/DefaultPhysicalMaterial.uasset" 543
"../../../Robots/Content/Material/Child_Material/M_bush_basic_Inst.uasset" 544
"../../../Robots/Content/Meshes/Bush/SM_bush1.uasset" 545
"../../../Robots/Content/Meshes/Bush/SM_bush3.uasset" 546
"../../../Robots/Content/Textures/Trees/tex_birchbark_diff.uasset" 547
"../../../Robots/Content/Textures/Trees/tex_birchbark_n.uasset" 548
"../../../Robots/Content/Material/Child_Material/M_birchbark_Inst.uasset" 549
"../../../Robots/Content/Material/Master_Material/M_tree_basic.uasset" 550
"../../../Robots/Content/Material/Child_Material/M_tree_basic_Inst.uasset" 551
"../../../Robots/Content/Meshes/Trees/SM_tree1.uasset" 552
"../../../Robots/Content/Meshes/Trees/SM_tree10.uasset" 553
"../../../Robots/Content/Meshes/Trees/SM_tree2.uasset" 554
"../../../Robots/Content/Meshes/Trees/SM_tree3.uasset" 555
"../../../Robots/Content/Meshes/Trees/SM_tree4.uasset" 556
"../../../Robots/Content/Meshes/Trees/SM_tree5.uasset" 557
"../../../Robots/Content/Meshes/Trees/SM_tree6.uasset" 558
"../../../Robots/Content/Meshes/Trees/SM_tree7.uasset" 559
"../../../Robots/Content/Meshes/Trees/SM_tree8.uasset" 560
"../../../Robots/Content/Meshes/Trees/SM_tree9.uasset" 561
"../../../Robots/Content/StarterContent/Architecture/Pillar_50x500.uasset" 562
"../../../Robots/Content/StarterContent/Architecture/Wall_Door_400x400.uasset" 563
"../../../Robots/Content/StarterContent/Textures/T_Door_M.uasset" 564
"../../../Robots/Content/StarterContent/Textures/T_Door_N.uasset" 565
"../../../Robots/Content/StarterContent/Props/Materials/M_Door.uasset" 566
"../../../Robots/Content/StarterContent/Props/SM_Door.uasset" 567
"../../../Robots/Content/StarterContent/Textures/T_RockMesh_M.uasset" 568
"../../../Robots/Content/StarterContent/Textures/T_RockMesh_N.uasset" 569
"../../../Robots/Content/StarterContent/Props/Materials/M_Rock.uasset" 570
"../../../Robots/Content/StarterContent/Props/SM_Rock.uasset" 571
"../../../Robots/Content/maps/house.umap" 572
"../../../Robots/Content/customActors/deathZone.uasset" 573
"../../../Robots/Content/Meshes/ceiling_lamp.uasset" 574
"../../../Robots/Content/customActors/lightActor.uasset" 575
"../../../Engine/Content/VREditor/BasicMeshes/T_CleanFloorGrunge_01_D.uasset" 576
"../../../Engine/Content/VREditor/BasicMeshes/M_Floor_01.uasset" 577
"../../../Robots/Content/ExampleContent/Blueprint_Communication/Materials/M_Highlight.uasset" 578
"../../../Robots/Content/Meshes/fence_end.uasset" 579
"../../../Robots/Content/Meshes/fence_middle.uasset" 580
"../../../Robots/Content/Meshes/Grass/SM_grass1.uasset" 581
"../../../Robots/Content/Meshes/Grass/SM_grass2.uasset" 582
"../../../Robots/Content/Meshes/Grass/SM_grass3.uasset" 583
"../../../Robots/Content/Meshes/Grass/SM_grass4.uasset" 584
"../../../Robots/Content/StarterContent/Shapes/Shape_Wedge_B.uasset" 585
"../../../Robots/Content/maps/lab.umap" 586
"../../../Robots/Content/StarterContent/Audio/Explosion01.uasset" 587
"../../../Robots/Content/maps/menuCharacter.uasset" 588
"../../../Robots/Content/robotdude/RobotControllerBP.uasset" 589
"../../../Robots/Content/menuGameModeBP.uasset" 590
"../../../Robots/Content/UI/robotFont.uasset" 591
"../../../Robots/Content/UI/stdMat.uasset" 592
"../../../Engine/Content/BasicShapes/Cube.uasset" 593
"../../../Robots/Content/maps/menuSelectorElement.uasset" 594
"../../../Robots/Content/maps/menuSelectorFrame.uasset" 595
"../../../Engine/Content/BasicShapes/BasicShapeMaterial.uasset" 596
"../../../Robots/Content/UI/nameWidget.uasset" 597
"../../../Robots/Content/maps/menu.umap" 598
"../../../Robots/Content/StarterContent/Maps/Minimal_Default.umap" 599
"../../../Engine/Content/MapTemplates/SM_Template_Map_Floor.uasset" 600
"../../../Robots/Content/StarterContent/Maps/robotmap.umap" 601
"../../../Robots/Content/Meshes/Bush/SM_bush2.uasset" 602
"../../../Robots/Content/Meshes/Bush/SM_bush4.uasset" 603
"../../../Robots/Content/Meshes/Bush/SM_bush5.uasset" 604
"../../../Robots/Content/Meshes/Bush/SM_bush6.uasset" 605
"../../../Robots/Content/Meshes/Flowers/SM_grass_flower1.uasset" 606
"../../../Robots/Content/Meshes/Flowers/SM_grass_flower2.uasset" 607
"../../../Robots/Content/Meshes/Flowers/SM_grass_flower3.uasset" 608
"../../../Robots/Content/Meshes/Flowers/SM_grass_flower4.uasset" 609
"../../../Robots/Content/Meshes/Flowers/SM_grass_flower5.uasset" 610
"../../../Robots/Content/Meshes/Flowers/SM_grass_flower6.uasset" 611
"../../../Robots/Content/Meshes/Flowers/SM_grass_patch_flower1.uasset" 612
"../../../Robots/Content/Meshes/Flowers/SM_grass_patch_flower2.uasset" 613
"../../../Robots/Content/Meshes/Flowers/SM_grass_patch_flower3.uasset" 614
"../../../Robots/Content/Meshes/Flowers/SM_grass_patch_flower4.uasset" 615
"../../../Robots/Content/Meshes/Flowers/SM_grass_patch_flower5.uasset" 616
"../../../Robots/Content/Meshes/Flowers/SM_grass_patch_flower6.uasset" 617
"../../../Robots/Content/Meshes/Grass/SM_grass5.uasset" 618
"../../../Robots/Content/Meshes/Grass/SM_grass6.uasset" 619
"../../../Robots/Content/Meshes/Grass/SM_grass_patch1.uasset" 620
"../../../Robots/Content/Meshes/Grass/SM_grass_patch2.uasset" 621
"../../../Robots/Content/Meshes/Grass/SM_grass_patch3.uasset" 622
"../../../Robots/Content/Meshes/Grass/SM_grass_patch4.uasset" 623
"../../../Robots/Content/Meshes/Grass/SM_grass_patch5.uasset" 624
"../../../Robots/Content/Meshes/Grass/SM_grass_patch6.uasset" 625
"../../../Robots/Content/maps/nature.umap" 626
"../../../Robots/Content/StarterContent/Blueprints/Assets/FogBrightnessLUT.uasset" 627
"../../../Robots/Content/StarterContent/Blueprints/Assets/SunlightColorLUT.uasset" 628
"../../../Robots/Content/StarterContent/Blueprints/Assets/M_LightStage_Arrows.uasset" 629
"../../../Engine/Content/MapTemplates/Sky/DaylightAmbientCubemap.uasset" 630
"../../../Robots/Content/StarterContent/Blueprints/Assets/M_LightStage_Skybox_Master.uasset" 631
"../../../Robots/Content/StarterContent/Blueprints/Assets/M_LightStage_Skybox_Black.uasset" 632
"../../../Robots/Content/StarterContent/Blueprints/Assets/M_LightStage_Skybox_HDRI.uasset" 633
"../../../Engine/Content/EditorMaterials/Thumbnails/SkySphereMaterial.uasset" 634
"../../../Robots/Content/StarterContent/Blueprints/Assets/Skybox.uasset" 635
"../../../Robots/Content/StarterContent/Blueprints/Assets/SM_Arrows.uasset" 636
"../../../Robots/Content/StarterContent/HDRI/HDRI_Epic_Courtyard_Daylight.uasset" 637
"../../../Robots/Content/StarterContent/Blueprints/BP_LightStudio.uasset" 638
"../../../Robots/Content/StarterContent/Materials/M_AssetPlatform.uasset" 639
"../../../Engine/Content/EditorMeshes/ColorCalibrator/M_ChromeBall.uasset" 640
"../../../Engine/Content/EditorMeshes/ColorCalibrator/M_ClearCoat.uasset" 641
"../../../Engine/Content/EditorMeshes/ColorCalibrator/M_ClearCoatBlack.uasset" 642
"../../../Engine/Content/EditorMeshes/ColorCalibrator/M_ColorGrid.uasset" 643
"../../../Engine/Content/EditorMeshes/ColorCalibrator/M_GreyBall.uasset" 644
"../../../Engine/Content/EditorMeshes/ColorCalibrator/SM_ColorCalibrator.uasset" 645
"../../../Robots/Content/StarterContent/Architecture/SM_AssetPlatform.uasset" 646
"../../../Robots/Content/StarterContent/Maps/Advanced_Lighting.umap" 647
